# JRE version: OpenJDK Runtime Environment JBR-17.0.10+8-1207.12-jcef (17.0.10+8) (build 17.0.10+8-b1207.12)
# Java VM: OpenJDK 64-Bit Server VM JBR-17.0.10+8-1207.12-jcef (17.0.10+8-b1207.12, mixed mode, tiered, compressed oops, compressed class ptrs, g1 gc, windows-amd64)
GC Precious Log:
 CPUs: 4 total, 4 available
 Memory: 20162M
 Large Page Support: Disabled
 NUMA Support: Disabled
 Compressed Oops: Enabled (32-bit)
 Heap Region Size: 1M
 Heap Min Capacity: 128M
 Heap Initial Capacity: 128M
 Heap Max Capacity: 2G
 Pre-touch: Disabled
 Parallel Workers: 4
 Concurrent Workers: 1
 Concurrent Refinement Workers: 4
 Periodic GC: Disabled
Heap:
 garbage-first heap   total 357376K, used 208896K [0x0000000080000000, 0x0000000100000000)
  region size 1024K, 3 young (3072K), 3 survivors (3072K)
 Metaspace       used 36563K, committed 36800K, reserved 1114112K
  class space    used 3875K, committed 3968K, reserved 1048576K
GC Heap History (20 events):
Event: 4.843 GC heap after
{Heap after GC invocations=6 (full 0):
 garbage-first heap   total 162816K, used 45483K [0x0000000080000000, 0x0000000100000000)
  region size 1024K, 1 young (1024K), 1 survivors (1024K)
 Metaspace       used 32814K, committed 33088K, reserved 1114112K
  class space    used 3587K, committed 3712K, reserved 1048576K
}
Event: 5.677 GC heap before
{Heap before GC invocations=6 (full 0):
 garbage-first heap   total 162816K, used 134571K [0x0000000080000000, 0x0000000100000000)
  region size 1024K, 82 young (83968K), 1 survivors (1024K)
 Metaspace       used 33538K, committed 33792K, reserved 1114112K
  class space    used 3602K, committed 3712K, reserved 1048576K
}
Event: 5.710 GC heap after
{Heap after GC invocations=7 (full 0):
 garbage-first heap   total 172032K, used 85834K [0x0000000080000000, 0x0000000100000000)
  region size 1024K, 11 young (11264K), 11 survivors (11264K)
 Metaspace       used 33538K, committed 33792K, reserved 1114112K
  class space    used 3602K, committed 3712K, reserved 1048576K
}
Event: 5.877 GC heap before
{Heap before GC invocations=7 (full 0):
 garbage-first heap   total 172032K, used 124746K [0x0000000080000000, 0x0000000100000000)
  region size 1024K, 49 young (50176K), 11 survivors (11264K)
 Metaspace       used 33570K, committed 33856K, reserved 1114112K
  class space    used 3602K, committed 3712K, reserved 1048576K
}
Event: 5.902 GC heap after
{Heap after GC invocations=8 (full 0):
 garbage-first heap   total 172032K, used 103424K [0x0000000080000000, 0x0000000100000000)
  region size 1024K, 7 young (7168K), 7 survivors (7168K)
 Metaspace       used 33570K, committed 33856K, reserved 1114112K
  class space    used 3602K, committed 3712K, reserved 1048576K
}
Event: 5.909 GC heap before
{Heap before GC invocations=8 (full 0):
 garbage-first heap   total 172032K, used 104448K [0x0000000080000000, 0x0000000100000000)
  region size 1024K, 8 young (8192K), 7 survivors (7168K)
 Metaspace       used 33570K, committed 33856K, reserved 1114112K
  class space    used 3602K, committed 3712K, reserved 1048576K
}
Event: 5.917 GC heap after
{Heap after GC invocations=9 (full 0):
 garbage-first heap   total 272384K, used 105472K [0x0000000080000000, 0x0000000100000000)
  region size 1024K, 1 young (1024K), 1 survivors (1024K)
 Metaspace       used 33570K, committed 33856K, reserved 1114112K
  class space    used 3602K, committed 3712K, reserved 1048576K
}
Event: 6.046 GC heap before
{Heap before GC invocations=9 (full 0):
 garbage-first heap   total 272384K, used 117760K [0x0000000080000000, 0x0000000100000000)
  region size 1024K, 13 young (13312K), 1 survivors (1024K)
 Metaspace       used 33619K, committed 33920K, reserved 1114112K
  class space    used 3598K, committed 3712K, reserved 1048576K
}
Event: 6.053 GC heap after
{Heap after GC invocations=10 (full 0):
 garbage-first heap   total 272384K, used 111104K [0x0000000080000000, 0x0000000100000000)
  region size 1024K, 2 young (2048K), 2 survivors (2048K)
 Metaspace       used 33619K, committed 33920K, reserved 1114112K
  class space    used 3598K, committed 3712K, reserved 1048576K
}
Event: 6.382 GC heap before
{Heap before GC invocations=11 (full 0):
 garbage-first heap   total 272384K, used 167424K [0x0000000080000000, 0x0000000100000000)
  region size 1024K, 57 young (58368K), 2 survivors (2048K)
 Metaspace       used 33783K, committed 34048K, reserved 1114112K
  class space    used 3606K, committed 3712K, reserved 1048576K
}
Event: 6.403 GC heap after
{Heap after GC invocations=12 (full 0):
 garbage-first heap   total 272384K, used 137216K [0x0000000080000000, 0x0000000100000000)
  region size 1024K, 8 young (8192K), 8 survivors (8192K)
 Metaspace       used 33783K, committed 34048K, reserved 1114112K
  class space    used 3606K, committed 3712K, reserved 1048576K
}
Event: 6.577 GC heap before
{Heap before GC invocations=12 (full 0):
 garbage-first heap   total 272384K, used 188416K [0x0000000080000000, 0x0000000100000000)
  region size 1024K, 59 young (60416K), 8 survivors (8192K)
 Metaspace       used 33784K, committed 34048K, reserved 1114112K
  class space    used 3606K, committed 3712K, reserved 1048576K
}
Event: 6.609 GC heap after
{Heap after GC invocations=13 (full 0):
 garbage-first heap   total 272384K, used 160768K [0x0000000080000000, 0x0000000100000000)
  region size 1024K, 8 young (8192K), 8 survivors (8192K)
 Metaspace       used 33784K, committed 34048K, reserved 1114112K
  class space    used 3606K, committed 3712K, reserved 1048576K
}
Event: 6.955 GC heap before
{Heap before GC invocations=14 (full 0):
 garbage-first heap   total 309248K, used 202752K [0x0000000080000000, 0x0000000100000000)
  region size 1024K, 49 young (50176K), 8 survivors (8192K)
 Metaspace       used 33795K, committed 34048K, reserved 1114112K
  class space    used 3606K, committed 3712K, reserved 1048576K
}
Event: 6.975 GC heap after
{Heap after GC invocations=15 (full 0):
 garbage-first heap   total 309248K, used 179200K [0x0000000080000000, 0x0000000100000000)
  region size 1024K, 7 young (7168K), 7 survivors (7168K)
 Metaspace       used 33795K, committed 34048K, reserved 1114112K
  class space    used 3606K, committed 3712K, reserved 1048576K
}
Event: 7.062 GC heap before
{Heap before GC invocations=15 (full 0):
 garbage-first heap   total 309248K, used 185344K [0x0000000080000000, 0x0000000100000000)
  region size 1024K, 14 young (14336K), 7 survivors (7168K)
 Metaspace       used 33800K, committed 34048K, reserved 1114112K
  class space    used 3606K, committed 3712K, reserved 1048576K
}
Event: 7.076 GC heap after
{Heap after GC invocations=16 (full 0):
 garbage-first heap   total 309248K, used 183296K [0x0000000080000000, 0x0000000100000000)
  region size 1024K, 3 young (3072K), 3 survivors (3072K)
 Metaspace       used 33800K, committed 34048K, reserved 1114112K
  class space    used 3606K, committed 3712K, reserved 1048576K
}
Event: 7.819 GC heap before
{Heap before GC invocations=17 (full 0):
 garbage-first heap   total 357376K, used 254976K [0x0000000080000000, 0x0000000100000000)
  region size 1024K, 49 young (50176K), 3 survivors (3072K)
 Metaspace       used 36529K, committed 36736K, reserved 1114112K
  class space    used 3875K, committed 3968K, reserved 1048576K
}
Event: 7.838 GC heap after
{Heap after GC invocations=18 (full 0):
 garbage-first heap   total 357376K, used 203259K [0x0000000080000000, 0x0000000100000000)
  region size 1024K, 7 young (7168K), 7 survivors (7168K)
 Metaspace       used 36529K, committed 36736K, reserved 1114112K
  class space    used 3875K, committed 3968K, reserved 1048576K
}
Event: 7.893 GC heap before
{Heap before GC invocations=18 (full 0):
 garbage-first heap   total 357376K, used 213499K [0x0000000080000000, 0x0000000100000000)
  region size 1024K, 17 young (17408K), 7 survivors (7168K)
 Metaspace       used 36563K, committed 36800K, reserved 1114112K
  class space    used 3875K, committed 3968K, reserved 1048576K
}

